<?xml version="1.0" encoding="UTF-8"?>
<testng-results ignored="0" total="1" passed="1" failed="0" skipped="0">
  <reporter-output>
  </reporter-output>
  <suite started-at="2023-09-01T11:53:34 IST" name="Default suite" finished-at="2023-09-01T11:53:46 IST" duration-ms="12419">
    <groups>
    </groups>
    <test started-at="2023-09-01T11:53:34 IST" name="Default test" finished-at="2023-09-01T11:53:46 IST" duration-ms="12419">
      <class name="com.banking.testcases.Tc_login01">
        <test-method is-config="true" signature="initialize()[pri:0, instance:com.banking.testcases.Tc_login01@8f2ef19]" started-at="2023-09-01T11:53:34 IST" name="initialize" finished-at="2023-09-01T11:53:39 IST" duration-ms="5630" status="PASS">
          <reporter-output>
          </reporter-output>
        </test-method> <!-- initialize -->
        <test-method signature="applogin()[pri:0, instance:com.banking.testcases.Tc_login01@8f2ef19]" started-at="2023-09-01T11:53:39 IST" name="applogin" finished-at="2023-09-01T11:53:44 IST" duration-ms="5008" status="PASS">
          <reporter-output>
          </reporter-output>
        </test-method> <!-- applogin -->
        <test-method is-config="true" signature="quit()[pri:0, instance:com.banking.testcases.Tc_login01@8f2ef19]" started-at="2023-09-01T11:53:44 IST" name="quit" finished-at="2023-09-01T11:53:46 IST" duration-ms="1711" status="PASS">
          <reporter-output>
          </reporter-output>
        </test-method> <!-- quit -->
      </class> <!-- com.banking.testcases.Tc_login01 -->
    </test> <!-- Default test -->
  </suite> <!-- Default suite -->
</testng-results>
